Flow report for GECKO
Fri Mar 22 22:57:56 2019
Quartus Prime Version 18.0.0 Build 614 04/24/2018 SJ Lite Edition


---------------------
; Table of Contents ;
---------------------
  1. Legal Notice
  2. Flow Summary
  3. Flow Settings
  4. Flow Non-Default Global Settings
  5. Flow Elapsed Time
  6. Flow OS Summary
  7. Flow Log
  8. Flow Messages
  9. Flow Suppressed Messages



----------------
; Legal Notice ;
----------------
Copyright (C) 2018  Intel Corporation. All rights reserved.
Your use of Intel Corporation's design tools, logic functions 
and other software and tools, and its AMPP partner logic 
functions, and any output files from any of the foregoing 
(including device programming or simulation files), and any 
associated documentation or information are expressly subject 
to the terms and conditions of the Intel Program License 
Subscription Agreement, the Intel Quartus Prime License Agreement,
the Intel FPGA IP License Agreement, or other applicable license
agreement, including, without limitation, that your use is for
the sole purpose of programming logic devices manufactured by
Intel and sold by Intel or its authorized distributors.  Please
refer to the applicable agreement for further details.



+----------------------------------------------------------------------------------+
; Flow Summary                                                                     ;
+------------------------------------+---------------------------------------------+
; Flow Status                        ; Successful - Fri Mar 22 22:57:56 2019       ;
; Quartus Prime Version              ; 18.0.0 Build 614 04/24/2018 SJ Lite Edition ;
; Revision Name                      ; GECKO                                       ;
; Top-level Entity Name              ; GECKO                                       ;
; Family                             ; Cyclone IV E                                ;
; Device                             ; EP4CE30F23C8                                ;
; Timing Models                      ; Final                                       ;
; Total logic elements               ; 3,244 / 28,848 ( 11 % )                     ;
;     Total combinational functions  ; 2,939 / 28,848 ( 10 % )                     ;
;     Dedicated logic registers      ; 1,400 / 28,848 ( 5 % )                      ;
; Total registers                    ; 1400                                        ;
; Total pins                         ; 104 / 329 ( 32 % )                          ;
; Total virtual pins                 ; 0                                           ;
; Total memory bits                  ; 65,536 / 608,256 ( 11 % )                   ;
; Embedded Multiplier 9-bit elements ; 0 / 132 ( 0 % )                             ;
; Total PLLs                         ; 0 / 4 ( 0 % )                               ;
+------------------------------------+---------------------------------------------+


+-----------------------------------------+
; Flow Settings                           ;
+-------------------+---------------------+
; Option            ; Setting             ;
+-------------------+---------------------+
; Start date & time ; 03/22/2019 21:29:04 ;
; Main task         ; Compilation         ;
; Revision Name     ; GECKO               ;
+-------------------+---------------------+


+-------------------------------------------------------------------------------------------------------------------------+
; Flow Non-Default Global Settings                                                                                        ;
+-------------------------------------+----------------------------------------+---------------+-------------+------------+
; Assignment Name                     ; Value                                  ; Default Value ; Entity Name ; Section Id ;
+-------------------------------------+----------------------------------------+---------------+-------------+------------+
; COMPILER_SIGNATURE_ID               ; 264840331050528.155328654406884        ; --            ; --          ; --         ;
; ENABLE_SIGNALTAP                    ; Off                                    ; --            ; --          ; --         ;
; MAX_CORE_JUNCTION_TEMP              ; 85                                     ; --            ; --          ; --         ;
; MIN_CORE_JUNCTION_TEMP              ; 0                                      ; --            ; --          ; --         ;
; OUTPUT_IO_TIMING_FAR_END_VMEAS      ; Half Signal Swing                      ; --            ; --          ; --         ;
; OUTPUT_IO_TIMING_FAR_END_VMEAS      ; Half Signal Swing                      ; --            ; --          ; --         ;
; OUTPUT_IO_TIMING_NEAR_END_VMEAS     ; Half Vccio                             ; --            ; --          ; --         ;
; OUTPUT_IO_TIMING_NEAR_END_VMEAS     ; Half Vccio                             ; --            ; --          ; --         ;
; PARTITION_COLOR                     ; -- (Not supported for targeted family) ; --            ; --          ; Top        ;
; PARTITION_FITTER_PRESERVATION_LEVEL ; -- (Not supported for targeted family) ; --            ; --          ; Top        ;
; PARTITION_NETLIST_TYPE              ; -- (Not supported for targeted family) ; --            ; --          ; Top        ;
; POWER_BOARD_THERMAL_MODEL           ; None (CONSERVATIVE)                    ; --            ; --          ; --         ;
; POWER_PRESET_COOLING_SOLUTION       ; 23 MM HEAT SINK WITH 200 LFPM AIRFLOW  ; --            ; --          ; --         ;
; PROJECT_OUTPUT_DIRECTORY            ; output_files                           ; --            ; --          ; --         ;
; SMART_RECOMPILE                     ; On                                     ; Off           ; --          ; --         ;
; USE_GENERATED_PHYSICAL_CONSTRAINTS  ; Off                                    ; --            ; --          ; eda_palace ;
; USE_SIGNALTAP_FILE                  ; stp1.stp                               ; --            ; --          ; --         ;
+-------------------------------------+----------------------------------------+---------------+-------------+------------+


+--------------------------------------------------------------------------------------------------------------------------+
; Flow Elapsed Time                                                                                                        ;
+----------------------+--------------+-------------------------+---------------------+------------------------------------+
; Module Name          ; Elapsed Time ; Average Processors Used ; Peak Virtual Memory ; Total CPU Time (on all processors) ;
+----------------------+--------------+-------------------------+---------------------+------------------------------------+
; Analysis & Synthesis ; 00:00:25     ; 1.0                     ; 720 MB              ; 00:00:45                           ;
; Fitter               ; 00:01:24     ; 1.0                     ; 1275 MB             ; 00:01:45                           ;
; Assembler            ; 00:00:03     ; 1.0                     ; 578 MB              ; 00:00:03                           ;
; Timing Analyzer      ; 00:00:08     ; 1.4                     ; 684 MB              ; 00:00:09                           ;
; MIF/HEX Update       ; 00:00:01     ; 1.0                     ; 616 MB              ; 00:00:02                           ;
; Assembler            ; 00:00:03     ; 1.0                     ; 575 MB              ; 00:00:04                           ;
; MIF/HEX Update       ; 00:00:01     ; 1.0                     ; 616 MB              ; 00:00:02                           ;
; MIF/HEX Update       ; 00:00:01     ; 1.0                     ; 616 MB              ; 00:00:02                           ;
; Assembler            ; 00:00:04     ; 1.0                     ; 576 MB              ; 00:00:03                           ;
; MIF/HEX Update       ; 00:00:02     ; 1.0                     ; 616 MB              ; 00:00:02                           ;
; MIF/HEX Update       ; 00:00:02     ; 1.0                     ; 616 MB              ; 00:00:02                           ;
; Assembler            ; 00:00:04     ; 1.0                     ; 576 MB              ; 00:00:03                           ;
; MIF/HEX Update       ; 00:00:01     ; 1.0                     ; 614 MB              ; 00:00:02                           ;
; MIF/HEX Update       ; 00:00:02     ; 1.0                     ; 616 MB              ; 00:00:02                           ;
; Assembler            ; 00:00:04     ; 1.0                     ; 575 MB              ; 00:00:04                           ;
; MIF/HEX Update       ; 00:00:02     ; 1.0                     ; 616 MB              ; 00:00:02                           ;
; MIF/HEX Update       ; 00:00:02     ; 1.0                     ; 616 MB              ; 00:00:02                           ;
; Assembler            ; 00:00:04     ; 1.0                     ; 573 MB              ; 00:00:04                           ;
; MIF/HEX Update       ; 00:00:02     ; 1.0                     ; 616 MB              ; 00:00:02                           ;
; MIF/HEX Update       ; 00:00:01     ; 1.0                     ; 616 MB              ; 00:00:02                           ;
; Assembler            ; 00:00:03     ; 1.0                     ; 577 MB              ; 00:00:03                           ;
; MIF/HEX Update       ; 00:00:02     ; 1.0                     ; 616 MB              ; 00:00:02                           ;
; Total                ; 00:02:41     ; --                      ; --                  ; 00:03:27                           ;
+----------------------+--------------+-------------------------+---------------------+------------------------------------+


+------------------------------------------------------------------------------------+
; Flow OS Summary                                                                    ;
+----------------------+------------------+------------+------------+----------------+
; Module Name          ; Machine Hostname ; OS Name    ; OS Version ; Processor type ;
+----------------------+------------------+------------+------------+----------------+
; Analysis & Synthesis ; DESKTOP-053J13Q  ; Windows 10 ; 10.0       ; x86_64         ;
; Fitter               ; DESKTOP-053J13Q  ; Windows 10 ; 10.0       ; x86_64         ;
; Assembler            ; DESKTOP-053J13Q  ; Windows 10 ; 10.0       ; x86_64         ;
; Timing Analyzer      ; DESKTOP-053J13Q  ; Windows 10 ; 10.0       ; x86_64         ;
; MIF/HEX Update       ; DESKTOP-053J13Q  ; Windows 10 ; 10.0       ; x86_64         ;
; Assembler            ; DESKTOP-053J13Q  ; Windows 10 ; 10.0       ; x86_64         ;
; MIF/HEX Update       ; DESKTOP-053J13Q  ; Windows 10 ; 10.0       ; x86_64         ;
; MIF/HEX Update       ; DESKTOP-053J13Q  ; Windows 10 ; 10.0       ; x86_64         ;
; Assembler            ; DESKTOP-053J13Q  ; Windows 10 ; 10.0       ; x86_64         ;
; MIF/HEX Update       ; DESKTOP-053J13Q  ; Windows 10 ; 10.0       ; x86_64         ;
; MIF/HEX Update       ; DESKTOP-053J13Q  ; Windows 10 ; 10.0       ; x86_64         ;
; Assembler            ; DESKTOP-053J13Q  ; Windows 10 ; 10.0       ; x86_64         ;
; MIF/HEX Update       ; DESKTOP-053J13Q  ; Windows 10 ; 10.0       ; x86_64         ;
; MIF/HEX Update       ; DESKTOP-053J13Q  ; Windows 10 ; 10.0       ; x86_64         ;
; Assembler            ; DESKTOP-053J13Q  ; Windows 10 ; 10.0       ; x86_64         ;
; MIF/HEX Update       ; DESKTOP-053J13Q  ; Windows 10 ; 10.0       ; x86_64         ;
; MIF/HEX Update       ; DESKTOP-053J13Q  ; Windows 10 ; 10.0       ; x86_64         ;
; Assembler            ; DESKTOP-053J13Q  ; Windows 10 ; 10.0       ; x86_64         ;
; MIF/HEX Update       ; DESKTOP-053J13Q  ; Windows 10 ; 10.0       ; x86_64         ;
; MIF/HEX Update       ; DESKTOP-053J13Q  ; Windows 10 ; 10.0       ; x86_64         ;
; Assembler            ; DESKTOP-053J13Q  ; Windows 10 ; 10.0       ; x86_64         ;
; MIF/HEX Update       ; DESKTOP-053J13Q  ; Windows 10 ; 10.0       ; x86_64         ;
+----------------------+------------------+------------+------------+----------------+


------------
; Flow Log ;
------------
quartus_map --read_settings_files=on --write_settings_files=off GECKO -c GECKO
quartus_fit --read_settings_files=off --write_settings_files=off GECKO -c GECKO
quartus_asm --read_settings_files=off --write_settings_files=off GECKO -c GECKO
quartus_sta GECKO -c GECKO
quartus_cdb GECKO -c GECKO --update_mif
quartus_asm --read_settings_files=on --write_settings_files=off GECKO -c GECKO
quartus_cdb GECKO -c GECKO --update_mif
quartus_cdb GECKO -c GECKO --update_mif
quartus_asm --read_settings_files=on --write_settings_files=off GECKO -c GECKO
quartus_cdb GECKO -c GECKO --update_mif
quartus_cdb GECKO -c GECKO --update_mif
quartus_asm --read_settings_files=on --write_settings_files=off GECKO -c GECKO
quartus_cdb GECKO -c GECKO --update_mif
quartus_cdb GECKO -c GECKO --update_mif
quartus_asm --read_settings_files=on --write_settings_files=off GECKO -c GECKO
quartus_cdb GECKO -c GECKO --update_mif
quartus_cdb GECKO -c GECKO --update_mif
quartus_asm --read_settings_files=on --write_settings_files=off GECKO -c GECKO
quartus_cdb GECKO -c GECKO --update_mif
quartus_cdb GECKO -c GECKO --update_mif
quartus_asm --read_settings_files=on --write_settings_files=off GECKO -c GECKO
quartus_cdb GECKO -c GECKO --update_mif



